# JRE version: Java(TM) SE Runtime Environment (8.0_144-b01) (build 1.8.0_144-b01)
# Java VM: Java HotSpot(TM) 64-Bit Server VM (25.144-b01 mixed mode windows-amd64 compressed oops)
Heap:
 PSYoungGen      total 204800K, used 204788K [0x00000000d5b80000, 0x00000000e7680000, 0x0000000100000000)
  eden space 190464K, 100% used [0x00000000d5b80000,0x00000000e1580000,0x00000000e1580000)
  from space 14336K, 99% used [0x00000000e1580000,0x00000000e237d230,0x00000000e2380000)
  to   space 16896K, 56% used [0x00000000e6600000,0x00000000e6f5e160,0x00000000e7680000)
 ParOldGen       total 82944K, used 22977K [0x0000000081200000, 0x0000000086300000, 0x00000000d5b80000)
  object space 82944K, 27% used [0x0000000081200000,0x00000000828706e0,0x0000000086300000)
 Metaspace       used 53575K, capacity 54134K, committed 54440K, reserved 1097728K
  class space    used 6596K, capacity 6726K, committed 6824K, reserved 1048576K
GC Heap History (10 events):
Event: 3.240 GC heap after
Heap after GC invocations=7 (full 1):
 PSYoungGen      total 122368K, used 7500K [0x00000000d5b80000, 0x00000000dee00000, 0x0000000100000000)
  eden space 114688K, 0% used [0x00000000d5b80000,0x00000000d5b80000,0x00000000dcb80000)
  from space 7680K, 97% used [0x00000000de680000,0x00000000dedd3300,0x00000000dee00000)
  to   space 9216K, 0% used [0x00000000ddc00000,0x00000000ddc00000,0x00000000de500000)
 ParOldGen       total 52224K, used 6556K [0x0000000081200000, 0x0000000084500000, 0x00000000d5b80000)
  object space 52224K, 12% used [0x0000000081200000,0x0000000081867358,0x0000000084500000)
 Metaspace       used 25702K, capacity 26000K, committed 26112K, reserved 1073152K
  class space    used 3203K, capacity 3289K, committed 3328K, reserved 1048576K
}
Event: 4.307 GC heap before
{Heap before GC invocations=8 (full 1):
 PSYoungGen      total 122368K, used 122188K [0x00000000d5b80000, 0x00000000dee00000, 0x0000000100000000)
  eden space 114688K, 100% used [0x00000000d5b80000,0x00000000dcb80000,0x00000000dcb80000)
  from space 7680K, 97% used [0x00000000de680000,0x00000000dedd3300,0x00000000dee00000)
  to   space 9216K, 0% used [0x00000000ddc00000,0x00000000ddc00000,0x00000000de500000)
 ParOldGen       total 52224K, used 6556K [0x0000000081200000, 0x0000000084500000, 0x00000000d5b80000)
  object space 52224K, 12% used [0x0000000081200000,0x0000000081867358,0x0000000084500000)
 Metaspace       used 30905K, capacity 31222K, committed 31360K, reserved 1077248K
  class space    used 3795K, capacity 3898K, committed 3968K, reserved 1048576K
Event: 4.321 GC heap after
Heap after GC invocations=8 (full 1):
 PSYoungGen      total 140800K, used 9204K [0x00000000d5b80000, 0x00000000e2f80000, 0x0000000100000000)
  eden space 131584K, 0% used [0x00000000d5b80000,0x00000000d5b80000,0x00000000ddc00000)
  from space 9216K, 99% used [0x00000000ddc00000,0x00000000de4fd128,0x00000000de500000)
  to   space 12288K, 0% used [0x00000000e2380000,0x00000000e2380000,0x00000000e2f80000)
 ParOldGen       total 52224K, used 11127K [0x0000000081200000, 0x0000000084500000, 0x00000000d5b80000)
  object space 52224K, 21% used [0x0000000081200000,0x0000000081cddd60,0x0000000084500000)
 Metaspace       used 30905K, capacity 31222K, committed 31360K, reserved 1077248K
  class space    used 3795K, capacity 3898K, committed 3968K, reserved 1048576K
}
Event: 4.735 GC heap before
{Heap before GC invocations=9 (full 1):
 PSYoungGen      total 140800K, used 47033K [0x00000000d5b80000, 0x00000000e2f80000, 0x0000000100000000)
  eden space 131584K, 28% used [0x00000000d5b80000,0x00000000d8071380,0x00000000ddc00000)
  from space 9216K, 99% used [0x00000000ddc00000,0x00000000de4fd128,0x00000000de500000)
  to   space 12288K, 0% used [0x00000000e2380000,0x00000000e2380000,0x00000000e2f80000)
 ParOldGen       total 52224K, used 11127K [0x0000000081200000, 0x0000000084500000, 0x00000000d5b80000)
  object space 52224K, 21% used [0x0000000081200000,0x0000000081cddd60,0x0000000084500000)
 Metaspace       used 34963K, capacity 35252K, committed 35496K, reserved 1081344K
  class space    used 4436K, capacity 4511K, committed 4520K, reserved 1048576K
Event: 4.749 GC heap after
Heap after GC invocations=9 (full 1):
 PSYoungGen      total 202752K, used 12281K [0x00000000d5b80000, 0x00000000e4d00000, 0x0000000100000000)
  eden space 190464K, 0% used [0x00000000d5b80000,0x00000000d5b80000,0x00000000e1580000)
  from space 12288K, 99% used [0x00000000e2380000,0x00000000e2f7e4b0,0x00000000e2f80000)
  to   space 14336K, 0% used [0x00000000e1580000,0x00000000e1580000,0x00000000e2380000)
 ParOldGen       total 52224K, used 12162K [0x0000000081200000, 0x0000000084500000, 0x00000000d5b80000)
  object space 52224K, 23% used [0x0000000081200000,0x0000000081de08c8,0x0000000084500000)
 Metaspace       used 34963K, capacity 35252K, committed 35496K, reserved 1081344K
  class space    used 4436K, capacity 4511K, committed 4520K, reserved 1048576K
}
Event: 4.749 GC heap before
{Heap before GC invocations=10 (full 2):
 PSYoungGen      total 202752K, used 12281K [0x00000000d5b80000, 0x00000000e4d00000, 0x0000000100000000)
  eden space 190464K, 0% used [0x00000000d5b80000,0x00000000d5b80000,0x00000000e1580000)
  from space 12288K, 99% used [0x00000000e2380000,0x00000000e2f7e4b0,0x00000000e2f80000)
  to   space 14336K, 0% used [0x00000000e1580000,0x00000000e1580000,0x00000000e2380000)
 ParOldGen       total 52224K, used 12162K [0x0000000081200000, 0x0000000084500000, 0x00000000d5b80000)
  object space 52224K, 23% used [0x0000000081200000,0x0000000081de08c8,0x0000000084500000)
 Metaspace       used 34963K, capacity 35252K, committed 35496K, reserved 1081344K
  class space    used 4436K, capacity 4511K, committed 4520K, reserved 1048576K
Event: 4.831 GC heap after
Heap after GC invocations=10 (full 2):
 PSYoungGen      total 202752K, used 0K [0x00000000d5b80000, 0x00000000e4d00000, 0x0000000100000000)
  eden space 190464K, 0% used [0x00000000d5b80000,0x00000000d5b80000,0x00000000e1580000)
  from space 12288K, 0% used [0x00000000e2380000,0x00000000e2380000,0x00000000e2f80000)
  to   space 14336K, 0% used [0x00000000e1580000,0x00000000e1580000,0x00000000e2380000)
 ParOldGen       total 82944K, used 20554K [0x0000000081200000, 0x0000000086300000, 0x00000000d5b80000)
  object space 82944K, 24% used [0x0000000081200000,0x0000000082612b50,0x0000000086300000)
 Metaspace       used 34963K, capacity 35252K, committed 35496K, reserved 1081344K
  class space    used 4436K, capacity 4511K, committed 4520K, reserved 1048576K
}
Event: 6.829 GC heap before
{Heap before GC invocations=11 (full 2):
 PSYoungGen      total 202752K, used 190464K [0x00000000d5b80000, 0x00000000e4d00000, 0x0000000100000000)
  eden space 190464K, 100% used [0x00000000d5b80000,0x00000000e1580000,0x00000000e1580000)
  from space 12288K, 0% used [0x00000000e2380000,0x00000000e2380000,0x00000000e2f80000)
  to   space 14336K, 0% used [0x00000000e1580000,0x00000000e1580000,0x00000000e2380000)
 ParOldGen       total 82944K, used 20554K [0x0000000081200000, 0x0000000086300000, 0x00000000d5b80000)
  object space 82944K, 24% used [0x0000000081200000,0x0000000082612b50,0x0000000086300000)
 Metaspace       used 45715K, capacity 46090K, committed 46504K, reserved 1089536K
  class space    used 5935K, capacity 6024K, committed 6056K, reserved 1048576K
Event: 6.852 GC heap after
Heap after GC invocations=11 (full 2):
 PSYoungGen      total 204800K, used 14324K [0x00000000d5b80000, 0x00000000e7680000, 0x0000000100000000)
  eden space 190464K, 0% used [0x00000000d5b80000,0x00000000d5b80000,0x00000000e1580000)
  from space 14336K, 99% used [0x00000000e1580000,0x00000000e237d230,0x00000000e2380000)
  to   space 16896K, 0% used [0x00000000e6600000,0x00000000e6600000,0x00000000e7680000)
 ParOldGen       total 82944K, used 22969K [0x0000000081200000, 0x0000000086300000, 0x00000000d5b80000)
  object space 82944K, 27% used [0x0000000081200000,0x000000008286e6e0,0x0000000086300000)
 Metaspace       used 45715K, capacity 46090K, committed 46504K, reserved 1089536K
  class space    used 5935K, capacity 6024K, committed 6056K, reserved 1048576K
}
Event: 29233.533 GC heap before
{Heap before GC invocations=12 (full 2):
 PSYoungGen      total 204800K, used 204788K [0x00000000d5b80000, 0x00000000e7680000, 0x0000000100000000)
  eden space 190464K, 100% used [0x00000000d5b80000,0x00000000e1580000,0x00000000e1580000)
  from space 14336K, 99% used [0x00000000e1580000,0x00000000e237d230,0x00000000e2380000)
  to   space 16896K, 0% used [0x00000000e6600000,0x00000000e6600000,0x00000000e7680000)
 ParOldGen       total 82944K, used 22969K [0x0000000081200000, 0x0000000086300000, 0x00000000d5b80000)
  object space 82944K, 27% used [0x0000000081200000,0x000000008286e6e0,0x0000000086300000)
 Metaspace       used 53575K, capacity 54134K, committed 54440K, reserved 1097728K
  class space    used 6596K, capacity 6726K, committed 6824K, reserved 1048576K

