# JRE version: Java(TM) SE Runtime Environment (8.0_144-b01) (build 1.8.0_144-b01)
# Java VM: Java HotSpot(TM) 64-Bit Server VM (25.144-b01 mixed mode windows-amd64 compressed oops)
Heap:
 PSYoungGen      total 330752K, used 42990K [0x00000000d5b80000, 0x00000000eba00000, 0x0000000100000000)
  eden space 313344K, 8% used [0x00000000d5b80000,0x00000000d760dcf8,0x00000000e8d80000)
  from space 17408K, 90% used [0x00000000ea000000,0x00000000eaf6dc78,0x00000000eb100000)
  to   space 18944K, 0% used [0x00000000e8d80000,0x00000000e8d80000,0x00000000ea000000)
 ParOldGen       total 138240K, used 40885K [0x0000000081200000, 0x0000000089900000, 0x00000000d5b80000)
  object space 138240K, 29% used [0x0000000081200000,0x00000000839ed708,0x0000000089900000)
 Metaspace       used 74506K, capacity 75620K, committed 75952K, reserved 1116160K
  class space    used 9056K, capacity 9284K, committed 9392K, reserved 1048576K
GC Heap History (10 events):
Event: 25.657 GC heap before
{Heap before GC invocations=17 (full 2):
 PSYoungGen      total 227840K, used 50105K [0x00000000d5b80000, 0x00000000e4980000, 0x0000000100000000)
  eden space 213504K, 18% used [0x00000000d5b80000,0x00000000d829cf10,0x00000000e2c00000)
  from space 14336K, 70% used [0x00000000e3a80000,0x00000000e4451800,0x00000000e4880000)
  to   space 14848K, 0% used [0x00000000e2c00000,0x00000000e2c00000,0x00000000e3a80000)
 ParOldGen       total 97280K, used 34955K [0x0000000081200000, 0x0000000087100000, 0x00000000d5b80000)
  object space 97280K, 35% used [0x0000000081200000,0x0000000083422c98,0x0000000087100000)
 Metaspace       used 58278K, capacity 58766K, committed 59160K, reserved 1101824K
  class space    used 7401K, capacity 7559K, committed 7600K, reserved 1048576K
Event: 25.674 GC heap after
Heap after GC invocations=17 (full 2):
 PSYoungGen      total 228352K, used 1906K [0x00000000d5b80000, 0x00000000e9400000, 0x0000000100000000)
  eden space 213504K, 0% used [0x00000000d5b80000,0x00000000d5b80000,0x00000000e2c00000)
  from space 14848K, 12% used [0x00000000e2c00000,0x00000000e2ddc848,0x00000000e3a80000)
  to   space 15360K, 0% used [0x00000000e8500000,0x00000000e8500000,0x00000000e9400000)
 ParOldGen       total 97280K, used 42122K [0x0000000081200000, 0x0000000087100000, 0x00000000d5b80000)
  object space 97280K, 43% used [0x0000000081200000,0x0000000083b22b38,0x0000000087100000)
 Metaspace       used 58278K, capacity 58766K, committed 59160K, reserved 1101824K
  class space    used 7401K, capacity 7559K, committed 7600K, reserved 1048576K
}
Event: 25.674 GC heap before
{Heap before GC invocations=18 (full 3):
 PSYoungGen      total 228352K, used 1906K [0x00000000d5b80000, 0x00000000e9400000, 0x0000000100000000)
  eden space 213504K, 0% used [0x00000000d5b80000,0x00000000d5b80000,0x00000000e2c00000)
  from space 14848K, 12% used [0x00000000e2c00000,0x00000000e2ddc848,0x00000000e3a80000)
  to   space 15360K, 0% used [0x00000000e8500000,0x00000000e8500000,0x00000000e9400000)
 ParOldGen       total 97280K, used 42122K [0x0000000081200000, 0x0000000087100000, 0x00000000d5b80000)
  object space 97280K, 43% used [0x0000000081200000,0x0000000083b22b38,0x0000000087100000)
 Metaspace       used 58278K, capacity 58766K, committed 59160K, reserved 1101824K
  class space    used 7401K, capacity 7559K, committed 7600K, reserved 1048576K
Event: 26.098 GC heap after
Heap after GC invocations=18 (full 3):
 PSYoungGen      total 228352K, used 0K [0x00000000d5b80000, 0x00000000e9400000, 0x0000000100000000)
  eden space 213504K, 0% used [0x00000000d5b80000,0x00000000d5b80000,0x00000000e2c00000)
  from space 14848K, 0% used [0x00000000e2c00000,0x00000000e2c00000,0x00000000e3a80000)
  to   space 15360K, 0% used [0x00000000e8500000,0x00000000e8500000,0x00000000e9400000)
 ParOldGen       total 138240K, used 40853K [0x0000000081200000, 0x0000000089900000, 0x00000000d5b80000)
  object space 138240K, 29% used [0x0000000081200000,0x00000000839e5708,0x0000000089900000)
 Metaspace       used 58278K, capacity 58766K, committed 59160K, reserved 1101824K
  class space    used 7401K, capacity 7559K, committed 7600K, reserved 1048576K
}
Event: 376.588 GC heap before
{Heap before GC invocations=19 (full 3):
 PSYoungGen      total 228352K, used 213504K [0x00000000d5b80000, 0x00000000e9400000, 0x0000000100000000)
  eden space 213504K, 100% used [0x00000000d5b80000,0x00000000e2c00000,0x00000000e2c00000)
  from space 14848K, 0% used [0x00000000e2c00000,0x00000000e2c00000,0x00000000e3a80000)
  to   space 15360K, 0% used [0x00000000e8500000,0x00000000e8500000,0x00000000e9400000)
 ParOldGen       total 138240K, used 40853K [0x0000000081200000, 0x0000000089900000, 0x00000000d5b80000)
  object space 138240K, 29% used [0x0000000081200000,0x00000000839e5708,0x0000000089900000)
 Metaspace       used 65103K, capacity 65762K, committed 66224K, reserved 1107968K
  class space    used 8116K, capacity 8257K, committed 8368K, reserved 1048576K
Event: 376.610 GC heap after
Heap after GC invocations=19 (full 3):
 PSYoungGen      total 282624K, used 10011K [0x00000000d5b80000, 0x00000000e8f00000, 0x0000000100000000)
  eden space 272384K, 0% used [0x00000000d5b80000,0x00000000d5b80000,0x00000000e6580000)
  from space 10240K, 97% used [0x00000000e8500000,0x00000000e8ec6da0,0x00000000e8f00000)
  to   space 15360K, 0% used [0x00000000e7100000,0x00000000e7100000,0x00000000e8000000)
 ParOldGen       total 138240K, used 40861K [0x0000000081200000, 0x0000000089900000, 0x00000000d5b80000)
  object space 138240K, 29% used [0x0000000081200000,0x00000000839e7708,0x0000000089900000)
 Metaspace       used 65103K, capacity 65762K, committed 66224K, reserved 1107968K
  class space    used 8116K, capacity 8257K, committed 8368K, reserved 1048576K
}
Event: 119585.963 GC heap before
{Heap before GC invocations=20 (full 3):
 PSYoungGen      total 282624K, used 282395K [0x00000000d5b80000, 0x00000000e8f00000, 0x0000000100000000)
  eden space 272384K, 100% used [0x00000000d5b80000,0x00000000e6580000,0x00000000e6580000)
  from space 10240K, 97% used [0x00000000e8500000,0x00000000e8ec6da0,0x00000000e8f00000)
  to   space 15360K, 0% used [0x00000000e7100000,0x00000000e7100000,0x00000000e8000000)
 ParOldGen       total 138240K, used 40861K [0x0000000081200000, 0x0000000089900000, 0x00000000d5b80000)
  object space 138240K, 29% used [0x0000000081200000,0x00000000839e7708,0x0000000089900000)
 Metaspace       used 70928K, capacity 71724K, committed 72112K, reserved 1112064K
  class space    used 8643K, capacity 8832K, committed 8880K, reserved 1048576K
Event: 119586.016 GC heap after
Heap after GC invocations=20 (full 3):
 PSYoungGen      total 299520K, used 14658K [0x00000000d5b80000, 0x00000000eb100000, 0x0000000100000000)
  eden space 284160K, 0% used [0x00000000d5b80000,0x00000000d5b80000,0x00000000e7100000)
  from space 15360K, 95% used [0x00000000e7100000,0x00000000e7f50a38,0x00000000e8000000)
  to   space 17408K, 0% used [0x00000000ea000000,0x00000000ea000000,0x00000000eb100000)
 ParOldGen       total 138240K, used 40869K [0x0000000081200000, 0x0000000089900000, 0x00000000d5b80000)
  object space 138240K, 29% used [0x0000000081200000,0x00000000839e9708,0x0000000089900000)
 Metaspace       used 70928K, capacity 71724K, committed 72112K, reserved 1112064K
  class space    used 8643K, capacity 8832K, committed 8880K, reserved 1048576K
}
Event: 157735.870 GC heap before
{Heap before GC invocations=21 (full 3):
 PSYoungGen      total 299520K, used 298818K [0x00000000d5b80000, 0x00000000eb100000, 0x0000000100000000)
  eden space 284160K, 100% used [0x00000000d5b80000,0x00000000e7100000,0x00000000e7100000)
  from space 15360K, 95% used [0x00000000e7100000,0x00000000e7f50a38,0x00000000e8000000)
  to   space 17408K, 0% used [0x00000000ea000000,0x00000000ea000000,0x00000000eb100000)
 ParOldGen       total 138240K, used 40869K [0x0000000081200000, 0x0000000089900000, 0x00000000d5b80000)
  object space 138240K, 29% used [0x0000000081200000,0x00000000839e9708,0x0000000089900000)
 Metaspace       used 74487K, capacity 75556K, committed 75696K, reserved 1116160K
  class space    used 9055K, capacity 9284K, committed 9392K, reserved 1048576K
Event: 157735.984 GC heap after
Heap after GC invocations=21 (full 3):
 PSYoungGen      total 330752K, used 15799K [0x00000000d5b80000, 0x00000000eba00000, 0x0000000100000000)
  eden space 313344K, 0% used [0x00000000d5b80000,0x00000000d5b80000,0x00000000e8d80000)
  from space 17408K, 90% used [0x00000000ea000000,0x00000000eaf6dc78,0x00000000eb100000)
  to   space 18944K, 0% used [0x00000000e8d80000,0x00000000e8d80000,0x00000000ea000000)
 ParOldGen       total 138240K, used 40885K [0x0000000081200000, 0x0000000089900000, 0x00000000d5b80000)
  object space 138240K, 29% used [0x0000000081200000,0x00000000839ed708,0x0000000089900000)
 Metaspace       used 74487K, capacity 75556K, committed 75696K, reserved 1116160K
  class space    used 9055K, capacity 9284K, committed 9392K, reserved 1048576K
}

